{"level":"info","message":"Server running on http://localhost:3000"}
{"level":"info","message":"Connected to MySQL database"}
{"details":[{"context":{"key":"image_url","label":"image_url","value":"/img/dark-coffee-image.png"},"message":"\"image_url\" must be a valid uri","path":["image_url"],"type":"string.uri"}],"level":"warn","message":"Invalid cart data"}
{"details":[{"context":{"key":"image_url","label":"image_url","value":"/img/dark-coffee-image.png"},"message":"\"image_url\" must be a valid uri","path":["image_url"],"type":"string.uri"}],"level":"warn","message":"Invalid cart data"}
{"details":[{"context":{"key":"image_url","label":"image_url","value":"/img/dark-coffee-image.png"},"message":"\"image_url\" must be a valid uri","path":["image_url"],"type":"string.uri"}],"level":"warn","message":"Invalid cart data"}
{"details":[{"context":{"key":"image_url","label":"image_url","value":"/img/dark-coffee-image.png"},"message":"\"image_url\" must be a valid uri","path":["image_url"],"type":"string.uri"}],"level":"warn","message":"Invalid cart data"}
{"details":[{"context":{"key":"image_url","label":"image_url","value":"/img/dark-coffee-image.png"},"message":"\"image_url\" must be a valid uri","path":["image_url"],"type":"string.uri"}],"level":"warn","message":"Invalid cart data"}
{"details":[{"context":{"key":"image_url","label":"image_url","value":"/img/dark-coffee-image.png"},"message":"\"image_url\" must be a valid uri","path":["image_url"],"type":"string.uri"}],"level":"warn","message":"Invalid cart data"}
{"level":"info","message":"Server running on http://localhost:3000"}
{"level":"info","message":"Connected to MySQL database"}
{"details":[{"context":{"key":"image_url","label":"image_url","value":"/img/dark-coffee-image.png"},"message":"\"image_url\" must be a valid uri","path":["image_url"],"type":"string.uri"}],"level":"warn","message":"Invalid cart data"}
{"details":[{"context":{"key":"name","label":"name","value":null},"message":"\"name\" must be a string","path":["name"],"type":"string.base"}],"level":"warn","message":"Invalid cart data"}
{"details":[{"context":{"key":"name","label":"name","value":null},"message":"\"name\" must be a string","path":["name"],"type":"string.base"}],"level":"warn","message":"Invalid cart data"}
{"details":[{"context":{"key":"image_url","label":"image_url","value":"/img/dark-coffee-image.png"},"message":"\"image_url\" must be a valid uri","path":["image_url"],"type":"string.uri"}],"level":"warn","message":"Invalid cart data"}
{"details":[{"context":{"key":"image_url","label":"image_url","value":"/img/dark-coffee-image.png"},"message":"\"image_url\" must be a valid uri","path":["image_url"],"type":"string.uri"}],"level":"warn","message":"Invalid cart data"}
{"details":[{"context":{"key":"image_url","label":"image_url","value":"/img/dark-coffee-image.png"},"message":"\"image_url\" must be a valid uri","path":["image_url"],"type":"string.uri"}],"level":"warn","message":"Invalid cart data"}
{"details":[{"context":{"key":"image_url","label":"image_url","value":"/img/dark-coffee-image.png"},"message":"\"image_url\" must be a valid uri","path":["image_url"],"type":"string.uri"}],"level":"warn","message":"Invalid cart data"}
{"level":"info","message":"Server running on http://localhost:3000"}
{"level":"info","message":"Connected to MySQL database"}
{"level":"info","message":"Server running on http://localhost:3000"}
{"level":"info","message":"Connected to MySQL database"}
{"details":[{"context":{"key":"image_url","label":"image_url","value":"/img/dark-coffee-image.png"},"message":"\"image_url\" must be a valid uri","path":["image_url"],"type":"string.uri"}],"level":"warn","message":"Invalid cart data"}
{"level":"info","message":"Server running on http://localhost:3000"}
{"level":"info","message":"Connected to MySQL database"}
{"level":"error","message":"Failed to save cart item Table 'coffee_shop.cart' doesn't exist"}
{"level":"error","message":"Failed to fetch cart items Table 'coffee_shop.cart' doesn't exist"}
{"level":"error","message":"Failed to fetch cart items Table 'coffee_shop.cart' doesn't exist"}
{"level":"error","message":"Failed to save cart item Table 'coffee_shop.cart' doesn't exist"}
{"level":"error","message":"Failed to fetch cart items Table 'coffee_shop.cart' doesn't exist"}
{"level":"error","message":"Failed to fetch cart items Table 'coffee_shop.cart' doesn't exist"}
{"level":"error","message":"Failed to fetch cart items Table 'coffee_shop.cart' doesn't exist"}
{"level":"error","message":"Failed to fetch cart items Table 'coffee_shop.cart' doesn't exist"}
{"level":"error","message":"Failed to fetch cart items Table 'coffee_shop.cart' doesn't exist"}
{"level":"info","message":"Server running on http://localhost:3000"}
{"level":"info","message":"Connected to MySQL database"}
{"level":"info","message":"Server running on http://localhost:3000"}
{"level":"info","message":"Connected to MySQL database"}
{"cartItemId":1,"level":"info","message":"Cart item saved"}
{"cartItemId":2,"level":"info","message":"Cart item saved"}
{"cartItemId":3,"level":"info","message":"Cart item saved"}
{"cartItemId":4,"level":"info","message":"Cart item saved"}
{"cartItemId":5,"level":"info","message":"Cart item saved"}
{"cartItemId":6,"level":"info","message":"Cart item saved"}
{"cartItemId":7,"level":"info","message":"Cart item saved"}
{"cartItemId":8,"level":"info","message":"Cart item saved"}
{"cartItemId":9,"level":"info","message":"Cart item saved"}
{"cartItemId":10,"level":"info","message":"Cart item saved"}
{"cartItemId":11,"level":"info","message":"Cart item saved"}
{"cartItemId":12,"level":"info","message":"Cart item saved"}
{"cartItemId":13,"level":"info","message":"Cart item saved"}
{"cartItemId":14,"level":"info","message":"Cart item saved"}
{"cartItemId":15,"level":"info","message":"Cart item saved"}
{"cartItemId":16,"level":"info","message":"Cart item saved"}
{"cartItemId":17,"level":"info","message":"Cart item saved"}
{"cartItemId":18,"level":"info","message":"Cart item saved"}
{"cartItemId":19,"level":"info","message":"Cart item saved"}
{"cartItemId":20,"level":"info","message":"Cart item saved"}
{"cartItemId":21,"level":"info","message":"Cart item saved"}
{"cartItemId":22,"level":"info","message":"Cart item saved"}
{"cartItemId":23,"level":"info","message":"Cart item saved"}
{"cartItemId":24,"level":"info","message":"Cart item saved"}
{"level":"info","message":"Server running on http://localhost:3000"}
{"level":"info","message":"Connected to MySQL database"}
{"cartItemId":25,"level":"info","message":"Cart item saved"}
{"cartItemId":26,"level":"info","message":"Cart item saved"}
{"cartItemId":27,"level":"info","message":"Cart item saved"}
{"cartItemId":28,"level":"info","message":"Cart item saved"}
{"cartItemId":29,"level":"info","message":"Cart item saved"}
{"cartItemId":30,"level":"info","message":"Cart item saved"}
{"cartItemId":31,"level":"info","message":"Cart item saved"}
{"cartItemId":32,"level":"info","message":"Cart item saved"}
{"cartItemId":33,"level":"info","message":"Cart item saved"}
{"cartItemId":34,"level":"info","message":"Cart item saved"}
{"cartItemId":35,"level":"info","message":"Cart item saved"}
{"cartItemId":36,"level":"info","message":"Cart item saved"}
{"cartItemId":37,"level":"info","message":"Cart item saved"}
{"cartItemId":38,"level":"info","message":"Cart item saved"}
{"cartItemId":39,"level":"info","message":"Cart item saved"}
{"cartItemId":40,"level":"info","message":"Cart item saved"}
{"cartItemId":41,"level":"info","message":"Cart item saved"}
{"cartItemId":42,"level":"info","message":"Cart item saved"}
{"cartItemId":43,"level":"info","message":"Cart item saved"}
{"level":"error","message":"Failed to save cart item Column 'name' cannot be null"}
{"cartItemId":44,"level":"info","message":"Cart item saved"}
{"cartItemId":45,"level":"info","message":"Cart item saved"}
{"cartItemId":46,"level":"info","message":"Cart item saved"}
{"cartItemId":47,"level":"info","message":"Cart item saved"}
{"cartItemId":48,"level":"info","message":"Cart item saved"}
{"level":"info","message":"Server running on http://localhost:3000"}
{"level":"info","message":"Connected to MySQL database"}
{"level":"info","message":"Server running on http://localhost:3000"}
{"level":"info","message":"Connected to MySQL database"}
{"level":"info","message":"Server running on http://localhost:3000"}
{"level":"info","message":"Connected to MySQL database"}
{"level":"info","message":"Server running on http://localhost:3000"}
{"level":"info","message":"Connected to MySQL database"}
{"level":"info","message":"Server running on http://localhost:3000"}
{"level":"info","message":"Connected to MySQL database"}
{"level":"info","message":"Server running on http://localhost:3000"}
{"level":"info","message":"Connected to MySQL database"}
{"level":"info","message":"Server running on http://localhost:3000"}
{"level":"info","message":"Connected to MySQL database"}
{"data":[{"customizations":[{"name":"Medium","price":0}],"id":1,"image_url":"/img/dark-coffee-image.png","name":"Dark Coffee","quantity":1,"size":"Medium","total_price":"2.00"}],"level":"info","message":"Checkout data received"}
{"data":[{"customizations":[{"name":"Medium","price":0}],"id":1,"image_url":"/img/dark-coffee-image.png","name":"Dark Coffee","quantity":1,"size":"Medium","total_price":"2.00"}],"level":"info","message":"Checkout data received"}
{"data":[{"customizations":[{"name":"Large","price":1},{"name":"Large","price":1}],"id":1,"image_url":"/img/dark-coffee-image.png","name":"Customized Dark Coffee","quantity":2,"size":"Large","total_price":"6.00"}],"level":"info","message":"Checkout data received"}
{"data":[{"customizations":[{"name":"Large","price":1},{"name":"Large","price":1}],"id":1,"image_url":"/img/dark-coffee-image.png","name":"Customized Dark Coffee","quantity":2,"size":"Large","total_price":"6.00"},{"customizations":[{"name":"Medium","price":0}],"id":2,"image_url":"/img/hazelnut-coffee-image.png","name":"Hazelnut Coffee","quantity":1,"size":"Medium","total_price":"3.00"}],"level":"info","message":"Checkout data received"}
{"data":[{"customizations":[{"name":"Large","price":1},{"name":"Large","price":1}],"id":1,"image_url":"/img/dark-coffee-image.png","name":"Customized Dark Coffee","quantity":1,"size":"Large","total_price":"3.00"}],"level":"info","message":"Checkout data received"}
{"level":"info","message":"Server running on http://localhost:3000"}
{"level":"info","message":"Connected to MySQL database"}
{"data":[{"customizations":[{"name":"Large","price":1},{"name":"Large","price":1}],"default_price":0,"id":1,"image_url":"/img/dark-coffee-image.png","name":"Customized Dark Coffee","quantity":1,"size":"Large","total_price":"3.00"}],"level":"info","message":"Checkout data received"}
{"data":[{"customizations":[{"name":"Large","price":1},{"name":"Large","price":1}],"default_price":0,"id":1,"image_url":"/img/dark-coffee-image.png","name":"Customized Dark Coffee","quantity":1,"size":"Large","total_price":"3.00"}],"level":"info","message":"Checkout data received"}
{"data":[{"customizations":[{"name":"Large","price":1},{"name":"Large","price":1}],"default_price":0,"id":1,"image_url":"/img/dark-coffee-image.png","name":"Customized Dark Coffee","quantity":1,"size":"Large","total_price":"3.00"}],"level":"info","message":"Checkout data received"}
{"level":"info","message":"Server running on http://localhost:3000"}
{"level":"info","message":"Connected to MySQL database"}
{"data":[{"customizations":[{"name":"Large","price":1},{"name":"Large","price":1}],"default_price":0,"id":1,"image_url":"/img/dark-coffee-image.png","name":"Customized Dark Coffee","quantity":1,"size":"Large","total_price":"3.00"}],"level":"info","message":"Checkout data received"}
{"level":"info","message":"Server running on http://localhost:3000"}
{"level":"info","message":"Connected to MySQL database"}
{"level":"info","message":"Server running on http://localhost:3000"}
{"level":"info","message":"Connected to MySQL database"}
{"data":[{"customizations":[{"name":"Large","price":1},{"name":"Large","price":1}],"default_price":0,"id":1,"image_url":"/img/dark-coffee-image.png","name":"Customized Dark Coffee","quantity":1,"size":"Large","total_price":"3.00"}],"level":"info","message":"Checkout data received"}
{"level":"info","message":"Server running on http://localhost:3000"}
{"level":"info","message":"Connected to MySQL database"}
{"data":[{"customizations":[{"name":"Large","price":1},{"name":"Large","price":1}],"default_price":0,"id":1,"image_url":"/img/dark-coffee-image.png","name":"Customized Dark Coffee","quantity":1,"size":"Large","total_price":"3.00"}],"level":"info","message":"Checkout data received"}
{"data":[{"customizations":[{"name":"Large","price":1},{"name":"Large","price":1}],"default_price":0,"id":1,"image_url":"/img/dark-coffee-image.png","name":"Customized Dark Coffee","quantity":1,"size":"Large","total_price":"3.00"}],"level":"info","message":"Checkout data received"}
{"level":"info","message":"Server running on http://localhost:3000"}
{"level":"info","message":"Connected to MySQL database"}
{"data":[{"customizations":[{"name":"Large","price":1},{"name":"Large","price":1}],"default_price":0,"id":1,"image_url":"/img/dark-coffee-image.png","name":"Customized Dark Coffee","quantity":1,"size":"Large","total_price":"3.00"}],"level":"info","message":"Checkout data received"}
{"level":"info","message":"Server running on http://localhost:3000"}
{"level":"info","message":"Connected to MySQL database"}
{"data":[{"customizations":[{"name":"Large","price":1},{"name":"Large","price":1}],"default_price":0,"id":1,"image_url":"/img/dark-coffee-image.png","name":"Customized Dark Coffee","quantity":1,"size":"Large","total_price":"3.00"}],"level":"info","message":"Checkout data received"}
{"data":[{"customizations":[{"name":"Large","price":1},{"name":"Large","price":1}],"default_price":0,"id":1,"image_url":"/img/dark-coffee-image.png","name":"Customized Dark Coffee","quantity":1,"size":"Large","total_price":"3.00"}],"level":"info","message":"Checkout data received"}
{"level":"info","message":"Server running on http://localhost:3000"}
{"level":"info","message":"Connected to MySQL database"}
{"data":[{"customizations":[{"name":"Large","price":1},{"name":"Large","price":1}],"default_price":0,"id":1,"image_url":"/img/dark-coffee-image.png","name":"Customized Dark Coffee","quantity":1,"size":"Large","total_price":"3.00"}],"level":"info","message":"Checkout data received"}
{"level":"info","message":"Server running on http://localhost:3000"}
{"level":"info","message":"Connected to MySQL database"}
{"data":[{"customizations":[{"name":"Large","price":1},{"name":"Large","price":1}],"default_price":0,"id":1,"image_url":"/img/dark-coffee-image.png","name":"Customized Dark Coffee","quantity":1,"size":"Large","total_price":1}],"level":"info","message":"Checkout data received"}
{"data":[{"customizations":[{"name":"Large","price":1},{"name":"Add ice","price":1},{"name":"Large","price":1}],"default_price":0,"id":1,"image_url":"/img/dark-coffee-image.png","name":"Customized Dark Coffee","quantity":1,"size":"Large","total_price":2}],"level":"info","message":"Checkout data received"}
{"data":[{"customizations":[{"name":"Add ice","price":1},{"name":"Add cream","price":1},{"name":"Medium","price":0}],"default_price":0,"id":1,"image_url":"/img/dark-coffee-image.png","name":"Customized Dark Coffee","quantity":1,"size":"Medium","total_price":2}],"level":"info","message":"Checkout data received"}
{"level":"info","message":"Server running on http://localhost:3000"}
{"level":"info","message":"Connected to MySQL database"}
{"data":[{"customizations":[{"name":"Large","price":1},{"name":"Large","price":1}],"default_price":0,"id":1,"image_url":"/img/dark-coffee-image.png","name":"Customized Dark Coffee","quantity":1,"size":"Large","total_price":"3.00"}],"level":"info","message":"Checkout data received"}
{"data":[{"customizations":[{"name":"Large","price":1},{"name":"Large","price":1}],"default_price":0,"id":1,"image_url":"/img/dark-coffee-image.png","name":"Customized Dark Coffee","quantity":1,"size":"Large","total_price":"3.00"}],"level":"info","message":"Checkout data received"}
{"level":"info","message":"Server running on http://localhost:3000"}
{"level":"info","message":"Connected to MySQL database"}
{"data":[{"customizations":[{"name":"Large","price":1},{"name":"Large","price":1}],"default_price":0,"id":1,"image_url":"/img/dark-coffee-image.png","name":"Customized Dark Coffee","quantity":1,"size":"Large","total_price":"NaN"}],"level":"info","message":"Checkout data received"}
{"level":"info","message":"Server running on http://localhost:3000"}
{"level":"info","message":"Connected to MySQL database"}
{"data":[{"customizations":[{"name":"Large","price":1},{"name":"Large","price":1}],"default_price":0,"id":1,"image_url":"/img/dark-coffee-image.png","name":"Customized Dark Coffee","quantity":1,"size":"Large","total_price":"3.00"}],"level":"info","message":"Checkout data received"}
{"level":"info","message":"Server running on http://localhost:3000"}
{"level":"info","message":"Connected to MySQL database"}
{"data":[{"customizations":[{"name":"Large","price":1},{"name":"Large","price":1}],"default_price":0,"id":"1","image_url":"/img/dark-coffee-image.png","name":"Customized Dark Coffee","quantity":1,"size":"Large","total_price":3}],"level":"info","message":"Checkout data received"}
{"level":"info","message":"Server running on http://localhost:3000"}
{"level":"info","message":"Connected to MySQL database"}
{"data":[{"customizations":[{"name":"Large","price":1},{"name":"Large","price":1}],"default_price":0,"id":"1","image_url":"/img/dark-coffee-image.png","name":"Customized Dark Coffee","quantity":1,"size":"Large","total_price":3}],"level":"info","message":"Checkout data received"}
{"level":"info","message":"Server running on http://localhost:3000"}
{"level":"info","message":"Connected to MySQL database"}
{"data":[{"customizations":[{"name":"Medium","price":0}],"default_price":0,"id":"1","image_url":"/img/dark-coffee-image.png","name":"Dark Coffee","quantity":1,"size":"Medium","total_price":2}],"level":"info","message":"Checkout data received"}
{"data":[{"customizations":[{"name":"Large","price":1},{"name":"Large","price":1}],"default_price":0,"id":1,"image_url":"/img/dark-coffee-image.png","name":"Customized Dark Coffee","quantity":1,"size":"Large","total_price":"3.00"}],"level":"info","message":"Checkout data received"}
{"level":"info","message":"Server running on http://localhost:3000"}
{"level":"info","message":"Connected to MySQL database"}
{"data":[{"customizations":[{"name":"Large","price":1},{"name":"Large","price":1}],"default_price":0,"id":1,"image_url":"/img/dark-coffee-image.png","name":"Customized Dark Coffee","quantity":1,"size":"Large","total_price":"3.00"}],"level":"info","message":"Checkout data received"}
{"level":"info","message":"Server running on http://localhost:3000"}
{"level":"info","message":"Connected to MySQL database"}
{"data":[{"customizations":[{"name":"Large","price":1},{"name":"Large","price":1}],"default_price":0,"id":1,"image_url":"/img/dark-coffee-image.png","name":"Customized Dark Coffee","quantity":1,"size":"Large","total_price":"3.00"}],"level":"info","message":"Checkout data received"}
{"level":"info","message":"Server running on http://localhost:3000"}
{"level":"info","message":"Connected to MySQL database"}
{"data":[{"customizations":[{"name":"Large","price":1},{"name":"Large","price":1}],"default_price":0,"id":1,"image_url":"/img/dark-coffee-image.png","name":"Customized Dark Coffee","quantity":1,"size":"Large","total_price":"1.00"}],"level":"info","message":"Checkout data received"}
{"level":"info","message":"Server running on http://localhost:3000"}
{"level":"info","message":"Connected to MySQL database"}
{"data":[{"customizations":[{"name":"Large","price":1},{"name":"Large","price":1}],"default_price":0,"id":1,"image_url":"/img/dark-coffee-image.png","name":"Customized Dark Coffee","quantity":1,"size":"Large","total_price":"1.00"}],"level":"info","message":"Checkout data received"}
{"level":"info","message":"Server running on http://localhost:3000"}
{"level":"info","message":"Connected to MySQL database"}
{"data":[{"customizations":[{"name":"Large","price":1},{"name":"Large","price":1}],"default_price":0,"id":1,"image_url":"/img/dark-coffee-image.png","name":"Customized Dark Coffee","quantity":1,"size":"Large","total_price":"1.00"}],"level":"info","message":"Checkout data received"}
{"level":"info","message":"Server running on http://localhost:3000"}
{"level":"info","message":"Connected to MySQL database"}
{"data":[{"customizations":[{"name":"Large","price":1},{"name":"Large","price":1}],"default_price":0,"id":1,"image_url":"/img/dark-coffee-image.png","name":"Customized Dark Coffee","quantity":1,"size":"Large","total_price":"1.00"}],"level":"info","message":"Checkout data received"}
{"level":"info","message":"Server running on http://localhost:3000"}
{"level":"info","message":"Connected to MySQL database"}
{"data":[{"customizations":[{"name":"Large","price":1},{"name":"Large","price":1}],"default_price":2,"id":"1","image_url":"/img/dark-coffee-image.png","name":"Customized Dark Coffee","quantity":1,"size":"Large","total_price":"3.00"}],"level":"info","message":"Checkout data received"}
{"data":[{"customizations":[{"name":"Large","price":1},{"name":"Medium","price":0},{"name":"Medium","price":0}],"default_price":2,"id":"1","image_url":"/img/dark-coffee-image.png","name":"Customized Dark Coffee","quantity":2,"size":"Medium","total_price":"6.00"},{"customizations":[{"name":"Large","price":1},{"name":"Add cream","price":1},{"name":"Large","price":1}],"default_price":4,"id":"3","image_url":"/img/toblerone-menu-image.png","name":"Customized Toblerone Coffee","quantity":1,"size":"Large","total_price":"6.00"}],"level":"info","message":"Checkout data received"}
{"data":[{"customizations":[{"name":"Large","price":1},{"name":"Add cream","price":1},{"name":"Large","price":1}],"default_price":4,"id":"3","image_url":"/img/toblerone-menu-image.png","name":"Customized Toblerone Coffee","quantity":1,"size":"Large","total_price":"6.00"}],"level":"info","message":"Checkout data received"}
{"data":[{"customizations":[{"name":"Medium","price":0}],"default_price":2,"id":"1","image_url":"/img/dark-coffee-image.png","name":"Dark Coffee","quantity":2,"size":"Medium","total_price":"4.00"},{"customizations":[{"name":"Large","price":1},{"name":"Add cream","price":1},{"name":"Large","price":1}],"default_price":4,"id":"3","image_url":"/img/toblerone-menu-image.png","name":"Customized Toblerone Coffee","quantity":1,"size":"Large","total_price":"6.00"}],"level":"info","message":"Checkout data received"}
{"data":[{"customizations":[{"name":"Medium","price":0}],"default_price":2,"id":"1","image_url":"/img/dark-coffee-image.png","name":"Dark Coffee","quantity":2,"size":"Medium","total_price":"4.00"},{"customizations":[{"name":"Large","price":1},{"name":"Large","price":1}],"default_price":2,"id":"1","image_url":"/img/dark-coffee-image.png","name":"Customized Dark Coffee","quantity":1,"size":"Large","total_price":"3.00"}],"level":"info","message":"Checkout data received"}
{"data":[{"customizations":[{"name":"Large","price":1},{"name":"Large","price":1}],"default_price":4,"id":"3","image_url":"/img/toblerone-menu-image.png","name":"Customized Toblerone Coffee","quantity":1,"size":"Large","total_price":"5.00"}],"level":"info","message":"Checkout data received"}
{"data":[{"customizations":[{"name":"Medium","price":0}],"default_price":2,"id":"1","image_url":"/img/dark-coffee-image.png","name":"Dark Coffee","quantity":1,"size":"Medium","total_price":"2.00"},{"customizations":[{"name":"Large","price":1},{"name":"Large","price":1}],"default_price":4,"id":"3","image_url":"/img/toblerone-menu-image.png","name":"Customized Toblerone Coffee","quantity":1,"size":"Large","total_price":"5.00"}],"level":"info","message":"Checkout data received"}
{"data":[{"customizations":[{"name":"Medium","price":0}],"default_price":2,"id":"1","image_url":"/img/dark-coffee-image.png","name":"Dark Coffee","quantity":1,"size":"Medium","total_price":"2.00"},{"customizations":[{"name":"Medium","price":0}],"default_price":3,"id":"2","image_url":"/img/hazelnut-coffee-image.png","name":"Hazelnut Coffee","quantity":1,"size":"Medium","total_price":"3.00"},{"customizations":[{"name":"Medium","price":0}],"default_price":4,"id":"3","image_url":"/img/toblerone-menu-image.png","name":"Toblerone Coffee","quantity":1,"size":"Medium","total_price":"4.00"},{"customizations":[{"name":"Medium","price":0}],"default_price":2,"id":"4","image_url":"/img/brown-coffee-image.png","name":"Brown Coffee","quantity":1,"size":"Medium","total_price":"2.00"},{"customizations":[{"name":"Medium","price":0}],"default_price":2,"id":"5","image_url":"/img/vanila-coffee-image.png","name":"Vanilla Coffee","quantity":1,"size":"Medium","total_price":"2.00"},{"customizations":[{"name":"Medium","price":0}],"default_price":3,"id":"6","image_url":"/img/ice-coffee-image.png","name":"Ice Coffee","quantity":1,"size":"Medium","total_price":"3.00"}],"level":"info","message":"Checkout data received"}
{"data":[{"customizations":[{"name":"Medium","price":0}],"default_price":2,"id":"1","image_url":"/img/dark-coffee-image.png","name":"Dark Coffee","quantity":1,"size":"Medium","total_price":"2.00"},{"customizations":[{"name":"Medium","price":0}],"default_price":3,"id":"2","image_url":"/img/hazelnut-coffee-image.png","name":"Hazelnut Coffee","quantity":1,"size":"Medium","total_price":"3.00"},{"customizations":[{"name":"Medium","price":0}],"default_price":4,"id":"3","image_url":"/img/toblerone-menu-image.png","name":"Toblerone Coffee","quantity":1,"size":"Medium","total_price":"4.00"},{"customizations":[{"name":"Medium","price":0}],"default_price":2,"id":"4","image_url":"/img/brown-coffee-image.png","name":"Brown Coffee","quantity":1,"size":"Medium","total_price":"2.00"},{"customizations":[{"name":"Medium","price":0}],"default_price":2,"id":"5","image_url":"/img/vanila-coffee-image.png","name":"Vanilla Coffee","quantity":1,"size":"Medium","total_price":"2.00"},{"customizations":[{"name":"Medium","price":0}],"default_price":3,"id":"6","image_url":"/img/ice-coffee-image.png","name":"Ice Coffee","quantity":1,"size":"Medium","total_price":"3.00"},{"customizations":[{"name":"Medium","price":0}],"default_price":2,"id":"7","image_url":"/img/Cinamon-roll-image.png","name":"Cinamon Roll","quantity":1,"size":"Medium","total_price":"2.00"},{"customizations":[{"name":"Medium","price":0}],"default_price":2,"id":"8","image_url":"/img/Cookie-image.png","name":"Cookie","quantity":1,"size":"Medium","total_price":"2.00"}],"level":"info","message":"Checkout data received"}
{"data":[{"customizations":[{"name":"Medium","price":0}],"default_price":2,"id":"1","image_url":"/img/dark-coffee-image.png","name":"Dark Coffee","quantity":1,"size":"Medium","total_price":"2.00"},{"customizations":[{"name":"Medium","price":0}],"default_price":3,"id":"2","image_url":"/img/hazelnut-coffee-image.png","name":"Hazelnut Coffee","quantity":1,"size":"Medium","total_price":"3.00"},{"customizations":[{"name":"Medium","price":0}],"default_price":4,"id":"3","image_url":"/img/toblerone-menu-image.png","name":"Toblerone Coffee","quantity":1,"size":"Medium","total_price":"4.00"},{"customizations":[{"name":"Medium","price":0}],"default_price":2,"id":"4","image_url":"/img/brown-coffee-image.png","name":"Brown Coffee","quantity":1,"size":"Medium","total_price":"2.00"},{"customizations":[{"name":"Medium","price":0}],"default_price":2,"id":"5","image_url":"/img/vanila-coffee-image.png","name":"Vanilla Coffee","quantity":1,"size":"Medium","total_price":"2.00"},{"customizations":[{"name":"Medium","price":0}],"default_price":3,"id":"6","image_url":"/img/ice-coffee-image.png","name":"Ice Coffee","quantity":1,"size":"Medium","total_price":"3.00"},{"customizations":[{"name":"Medium","price":0}],"default_price":2,"id":"7","image_url":"/img/Cinamon-roll-image.png","name":"Cinamon Roll","quantity":1,"size":"Medium","total_price":"2.00"},{"customizations":[{"name":"Medium","price":0}],"default_price":2,"id":"8","image_url":"/img/Cookie-image.png","name":"Cookie","quantity":1,"size":"Medium","total_price":"2.00"},{"customizations":[{"name":"Medium","price":0}],"default_price":3,"id":"9","image_url":"/img/Cheesecake-image.png","name":"Cheesecake","quantity":1,"size":"Medium","total_price":"3.00"}],"level":"info","message":"Checkout data received"}
{"data":[{"customizations":[{"name":"Medium","price":0}],"default_price":2,"id":"1","image_url":"/img/dark-coffee-image.png","name":"Dark Coffee","quantity":1,"size":"Medium","total_price":"2.00"},{"customizations":[{"name":"Medium","price":0}],"default_price":3,"id":"2","image_url":"/img/hazelnut-coffee-image.png","name":"Hazelnut Coffee","quantity":1,"size":"Medium","total_price":"3.00"},{"customizations":[{"name":"Medium","price":0}],"default_price":4,"id":"3","image_url":"/img/toblerone-menu-image.png","name":"Toblerone Coffee","quantity":1,"size":"Medium","total_price":"4.00"},{"customizations":[{"name":"Medium","price":0}],"default_price":2,"id":"4","image_url":"/img/brown-coffee-image.png","name":"Brown Coffee","quantity":1,"size":"Medium","total_price":"2.00"},{"customizations":[{"name":"Medium","price":0}],"default_price":2,"id":"5","image_url":"/img/vanila-coffee-image.png","name":"Vanilla Coffee","quantity":1,"size":"Medium","total_price":"2.00"},{"customizations":[{"name":"Medium","price":0}],"default_price":3,"id":"6","image_url":"/img/ice-coffee-image.png","name":"Ice Coffee","quantity":1,"size":"Medium","total_price":"3.00"},{"customizations":[{"name":"Medium","price":0}],"default_price":2,"id":"7","image_url":"/img/Cinamon-roll-image.png","name":"Cinamon Roll","quantity":1,"size":"Medium","total_price":"2.00"},{"customizations":[{"name":"Medium","price":0}],"default_price":2,"id":"8","image_url":"/img/Cookie-image.png","name":"Cookie","quantity":1,"size":"Medium","total_price":"2.00"},{"customizations":[{"name":"Medium","price":0}],"default_price":3,"id":"9","image_url":"/img/Cheesecake-image.png","name":"Cheesecake","quantity":1,"size":"Medium","total_price":"3.00"},{"customizations":[{"name":"Medium","price":0}],"default_price":4,"id":"10","image_url":"/img/pancakes-main-background.png","name":"Pancakes","quantity":1,"size":"Medium","total_price":"4.00"}],"level":"info","message":"Checkout data received"}
{"data":[{"customizations":[{"name":"Medium","price":0}],"default_price":2,"id":"1","image_url":"/img/dark-coffee-image.png","name":"Dark Coffee","quantity":1,"size":"Medium","total_price":"2.00"},{"customizations":[{"name":"Medium","price":0}],"default_price":3,"id":"2","image_url":"/img/hazelnut-coffee-image.png","name":"Hazelnut Coffee","quantity":1,"size":"Medium","total_price":"3.00"},{"customizations":[{"name":"Medium","price":0}],"default_price":4,"id":"3","image_url":"/img/toblerone-menu-image.png","name":"Toblerone Coffee","quantity":1,"size":"Medium","total_price":"4.00"},{"customizations":[{"name":"Medium","price":0}],"default_price":2,"id":"4","image_url":"/img/brown-coffee-image.png","name":"Brown Coffee","quantity":1,"size":"Medium","total_price":"2.00"},{"customizations":[{"name":"Medium","price":0}],"default_price":2,"id":"5","image_url":"/img/vanila-coffee-image.png","name":"Vanilla Coffee","quantity":1,"size":"Medium","total_price":"2.00"},{"customizations":[{"name":"Medium","price":0}],"default_price":3,"id":"6","image_url":"/img/ice-coffee-image.png","name":"Ice Coffee","quantity":1,"size":"Medium","total_price":"3.00"},{"customizations":[{"name":"Medium","price":0}],"default_price":2,"id":"7","image_url":"/img/Cinamon-roll-image.png","name":"Cinamon Roll","quantity":1,"size":"Medium","total_price":"2.00"},{"customizations":[{"name":"Medium","price":0}],"default_price":2,"id":"8","image_url":"/img/Cookie-image.png","name":"Cookie","quantity":1,"size":"Medium","total_price":"2.00"},{"customizations":[{"name":"Medium","price":0}],"default_price":3,"id":"9","image_url":"/img/Cheesecake-image.png","name":"Cheesecake","quantity":1,"size":"Medium","total_price":"3.00"},{"customizations":[{"name":"Medium","price":0}],"default_price":4,"id":"10","image_url":"/img/pancakes-main-background.png","name":"Pancakes","quantity":1,"size":"Medium","total_price":"4.00"},{"customizations":[{"name":"Medium","price":0}],"default_price":2,"id":"11","image_url":"/img/Muffin-image.png","name":"Muffin","quantity":1,"size":"Medium","total_price":"2.00"}],"level":"info","message":"Checkout data received"}
{"data":[{"customizations":[{"name":"Medium","price":0}],"default_price":2,"id":"1","image_url":"/img/dark-coffee-image.png","name":"Dark Coffee","quantity":1,"size":"Medium","total_price":"2.00"},{"customizations":[{"name":"Medium","price":0}],"default_price":3,"id":"2","image_url":"/img/hazelnut-coffee-image.png","name":"Hazelnut Coffee","quantity":1,"size":"Medium","total_price":"3.00"},{"customizations":[{"name":"Medium","price":0}],"default_price":4,"id":"3","image_url":"/img/toblerone-menu-image.png","name":"Toblerone Coffee","quantity":1,"size":"Medium","total_price":"4.00"},{"customizations":[{"name":"Medium","price":0}],"default_price":2,"id":"4","image_url":"/img/brown-coffee-image.png","name":"Brown Coffee","quantity":1,"size":"Medium","total_price":"2.00"},{"customizations":[{"name":"Medium","price":0}],"default_price":2,"id":"5","image_url":"/img/vanila-coffee-image.png","name":"Vanilla Coffee","quantity":1,"size":"Medium","total_price":"2.00"},{"customizations":[{"name":"Medium","price":0}],"default_price":3,"id":"6","image_url":"/img/ice-coffee-image.png","name":"Ice Coffee","quantity":1,"size":"Medium","total_price":"3.00"},{"customizations":[{"name":"Medium","price":0}],"default_price":2,"id":"7","image_url":"/img/Cinamon-roll-image.png","name":"Cinamon Roll","quantity":1,"size":"Medium","total_price":"2.00"},{"customizations":[{"name":"Medium","price":0}],"default_price":2,"id":"8","image_url":"/img/Cookie-image.png","name":"Cookie","quantity":1,"size":"Medium","total_price":"2.00"},{"customizations":[{"name":"Medium","price":0}],"default_price":3,"id":"9","image_url":"/img/Cheesecake-image.png","name":"Cheesecake","quantity":1,"size":"Medium","total_price":"3.00"},{"customizations":[{"name":"Medium","price":0}],"default_price":4,"id":"10","image_url":"/img/pancakes-main-background.png","name":"Pancakes","quantity":1,"size":"Medium","total_price":"4.00"},{"customizations":[{"name":"Medium","price":0}],"default_price":2,"id":"11","image_url":"/img/Muffin-image.png","name":"Muffin","quantity":1,"size":"Medium","total_price":"2.00"}],"level":"info","message":"Checkout data received"}
{"data":[{"customizations":[{"name":"Medium","price":0}],"default_price":2,"id":"1","image_url":"/img/dark-coffee-image.png","name":"Dark Coffee","quantity":1,"size":"Medium","total_price":"2.00"}],"level":"info","message":"Checkout data received"}
{"data":[{"customizations":[{"name":"Medium","price":0}],"default_price":2,"id":"1","image_url":"/img/dark-coffee-image.png","name":"Dark Coffee","quantity":1,"size":"Medium","total_price":"2.00"},{"customizations":[{"name":"Medium","price":0}],"default_price":3,"id":"2","image_url":"/img/hazelnut-coffee-image.png","name":"Hazelnut Coffee","quantity":1,"size":"Medium","total_price":"3.00"},{"customizations":[{"name":"Medium","price":0}],"default_price":4,"id":"3","image_url":"/img/toblerone-menu-image.png","name":"Toblerone Coffee","quantity":1,"size":"Medium","total_price":"4.00"},{"customizations":[{"name":"Medium","price":0}],"default_price":2,"id":"4","image_url":"/img/brown-coffee-image.png","name":"Brown Coffee","quantity":1,"size":"Medium","total_price":"2.00"},{"customizations":[{"name":"Medium","price":0}],"default_price":2,"id":"5","image_url":"/img/vanila-coffee-image.png","name":"Vanilla Coffee","quantity":1,"size":"Medium","total_price":"2.00"},{"customizations":[{"name":"Medium","price":0}],"default_price":3,"id":"6","image_url":"/img/ice-coffee-image.png","name":"Ice Coffee","quantity":1,"size":"Medium","total_price":"3.00"},{"customizations":[{"name":"Medium","price":0}],"default_price":2,"id":"7","image_url":"/img/Cinamon-roll-image.png","name":"Cinamon Roll","quantity":1,"size":"Medium","total_price":"2.00"},{"customizations":[{"name":"Medium","price":0}],"default_price":2,"id":"8","image_url":"/img/Cookie-image.png","name":"Cookie","quantity":1,"size":"Medium","total_price":"2.00"},{"customizations":[{"name":"Medium","price":0}],"default_price":3,"id":"9","image_url":"/img/Cheesecake-image.png","name":"Cheesecake","quantity":1,"size":"Medium","total_price":"3.00"},{"customizations":[{"name":"Medium","price":0}],"default_price":4,"id":"10","image_url":"/img/pancakes-main-background.png","name":"Pancakes","quantity":1,"size":"Medium","total_price":"4.00"},{"customizations":[{"name":"Medium","price":0}],"default_price":2,"id":"11","image_url":"/img/Muffin-image.png","name":"Muffin","quantity":1,"size":"Medium","total_price":"2.00"}],"level":"info","message":"Checkout data received"}
{"data":[{"customizations":[{"name":"Medium","price":0}],"default_price":2,"id":"1","image_url":"/img/dark-coffee-image.png","name":"Dark Coffee","quantity":1,"size":"Medium","total_price":"2.00"},{"customizations":[{"name":"Medium","price":0}],"default_price":3,"id":"2","image_url":"/img/hazelnut-coffee-image.png","name":"Hazelnut Coffee","quantity":1,"size":"Medium","total_price":"3.00"},{"customizations":[{"name":"Medium","price":0}],"default_price":4,"id":"3","image_url":"/img/toblerone-menu-image.png","name":"Toblerone Coffee","quantity":1,"size":"Medium","total_price":"4.00"},{"customizations":[{"name":"Medium","price":0}],"default_price":2,"id":"4","image_url":"/img/brown-coffee-image.png","name":"Brown Coffee","quantity":1,"size":"Medium","total_price":"2.00"},{"customizations":[{"name":"Medium","price":0}],"default_price":2,"id":"5","image_url":"/img/vanila-coffee-image.png","name":"Vanilla Coffee","quantity":1,"size":"Medium","total_price":"2.00"},{"customizations":[{"name":"Medium","price":0}],"default_price":3,"id":"6","image_url":"/img/ice-coffee-image.png","name":"Ice Coffee","quantity":1,"size":"Medium","total_price":"3.00"},{"customizations":[{"name":"Medium","price":0}],"default_price":2,"id":"7","image_url":"/img/Cinamon-roll-image.png","name":"Cinamon Roll","quantity":1,"size":"Medium","total_price":"2.00"},{"customizations":[{"name":"Medium","price":0}],"default_price":2,"id":"8","image_url":"/img/Cookie-image.png","name":"Cookie","quantity":1,"size":"Medium","total_price":"2.00"},{"customizations":[{"name":"Medium","price":0}],"default_price":3,"id":"9","image_url":"/img/Cheesecake-image.png","name":"Cheesecake","quantity":1,"size":"Medium","total_price":"3.00"},{"customizations":[{"name":"Medium","price":0}],"default_price":4,"id":"10","image_url":"/img/pancakes-main-background.png","name":"Pancakes","quantity":1,"size":"Medium","total_price":"4.00"},{"customizations":[{"name":"Medium","price":0}],"default_price":2,"id":"11","image_url":"/img/Muffin-image.png","name":"Muffin","quantity":1,"size":"Medium","total_price":"2.00"},{"customizations":[{"name":"Medium","price":0}],"default_price":3,"id":"12","image_url":"/img/Chocolate-cake-image.png","name":"Chocolate Cake","quantity":1,"size":"Medium","total_price":"3.00"}],"level":"info","message":"Checkout data received"}
{"data":[{"customizations":[{"name":"Medium","price":0}],"default_price":2,"id":"1","image_url":"/img/dark-coffee-image.png","name":"Dark Coffee","quantity":1,"size":"Medium","total_price":"2.00"},{"customizations":[{"name":"Medium","price":0}],"default_price":3,"id":"2","image_url":"/img/hazelnut-coffee-image.png","name":"Hazelnut Coffee","quantity":1,"size":"Medium","total_price":"3.00"},{"customizations":[{"name":"Medium","price":0}],"default_price":4,"id":"3","image_url":"/img/toblerone-menu-image.png","name":"Toblerone Coffee","quantity":1,"size":"Medium","total_price":"4.00"},{"customizations":[{"name":"Medium","price":0}],"default_price":2,"id":"4","image_url":"/img/brown-coffee-image.png","name":"Brown Coffee","quantity":1,"size":"Medium","total_price":"2.00"},{"customizations":[{"name":"Medium","price":0}],"default_price":2,"id":"5","image_url":"/img/vanila-coffee-image.png","name":"Vanilla Coffee","quantity":1,"size":"Medium","total_price":"2.00"},{"customizations":[{"name":"Medium","price":0}],"default_price":3,"id":"6","image_url":"/img/ice-coffee-image.png","name":"Ice Coffee","quantity":1,"size":"Medium","total_price":"3.00"},{"customizations":[{"name":"Medium","price":0}],"default_price":2,"id":"7","image_url":"/img/Cinamon-roll-image.png","name":"Cinamon Roll","quantity":1,"size":"Medium","total_price":"2.00"},{"customizations":[{"name":"Medium","price":0}],"default_price":2,"id":"8","image_url":"/img/Cookie-image.png","name":"Cookie","quantity":1,"size":"Medium","total_price":"2.00"},{"customizations":[{"name":"Medium","price":0}],"default_price":3,"id":"9","image_url":"/img/Cheesecake-image.png","name":"Cheesecake","quantity":1,"size":"Medium","total_price":"3.00"},{"customizations":[{"name":"Medium","price":0}],"default_price":4,"id":"10","image_url":"/img/pancakes-main-background.png","name":"Pancakes","quantity":1,"size":"Medium","total_price":"4.00"},{"customizations":[{"name":"Medium","price":0}],"default_price":2,"id":"11","image_url":"/img/Muffin-image.png","name":"Muffin","quantity":1,"size":"Medium","total_price":"2.00"}],"level":"info","message":"Checkout data received"}
{"data":[{"customizations":[{"name":"Medium","price":0}],"default_price":2,"id":"1","image_url":"/img/dark-coffee-image.png","name":"Dark Coffee","quantity":1,"size":"Medium","total_price":"2.00"}],"level":"info","message":"Checkout data received"}
{"data":[{"customizations":[{"name":"Medium","price":0}],"default_price":2,"id":"1","image_url":"/img/dark-coffee-image.png","name":"Dark Coffee","quantity":1,"size":"Medium","total_price":"2.00"},{"customizations":[{"name":"Medium","price":0}],"default_price":3,"id":"2","image_url":"/img/hazelnut-coffee-image.png","name":"Hazelnut Coffee","quantity":1,"size":"Medium","total_price":"3.00"},{"customizations":[{"name":"Medium","price":0}],"default_price":4,"id":"3","image_url":"/img/toblerone-menu-image.png","name":"Toblerone Coffee","quantity":1,"size":"Medium","total_price":"4.00"},{"customizations":[{"name":"Medium","price":0}],"default_price":2,"id":"4","image_url":"/img/brown-coffee-image.png","name":"Brown Coffee","quantity":1,"size":"Medium","total_price":"2.00"},{"customizations":[{"name":"Medium","price":0}],"default_price":2,"id":"5","image_url":"/img/vanila-coffee-image.png","name":"Vanilla Coffee","quantity":1,"size":"Medium","total_price":"2.00"},{"customizations":[{"name":"Medium","price":0}],"default_price":3,"id":"6","image_url":"/img/ice-coffee-image.png","name":"Ice Coffee","quantity":1,"size":"Medium","total_price":"3.00"},{"customizations":[{"name":"Medium","price":0}],"default_price":2,"id":"7","image_url":"/img/Cinamon-roll-image.png","name":"Cinamon Roll","quantity":1,"size":"Medium","total_price":"2.00"},{"customizations":[{"name":"Medium","price":0}],"default_price":2,"id":"8","image_url":"/img/Cookie-image.png","name":"Cookie","quantity":1,"size":"Medium","total_price":"2.00"},{"customizations":[{"name":"Medium","price":0}],"default_price":3,"id":"9","image_url":"/img/Cheesecake-image.png","name":"Cheesecake","quantity":1,"size":"Medium","total_price":"3.00"},{"customizations":[{"name":"Medium","price":0}],"default_price":4,"id":"10","image_url":"/img/pancakes-main-background.png","name":"Pancakes","quantity":1,"size":"Medium","total_price":"4.00"},{"customizations":[{"name":"Medium","price":0}],"default_price":2,"id":"11","image_url":"/img/Muffin-image.png","name":"Muffin","quantity":1,"size":"Medium","total_price":"2.00"}],"level":"info","message":"Checkout data received"}
{"data":[{"customizations":[{"name":"Medium","price":0}],"default_price":2,"id":"1","image_url":"/img/dark-coffee-image.png","name":"Dark Coffee","quantity":1,"size":"Medium","total_price":"2.00"},{"customizations":[{"name":"Medium","price":0}],"default_price":3,"id":"2","image_url":"/img/hazelnut-coffee-image.png","name":"Hazelnut Coffee","quantity":1,"size":"Medium","total_price":"3.00"},{"customizations":[{"name":"Medium","price":0}],"default_price":4,"id":"3","image_url":"/img/toblerone-menu-image.png","name":"Toblerone Coffee","quantity":1,"size":"Medium","total_price":"4.00"},{"customizations":[{"name":"Medium","price":0}],"default_price":2,"id":"4","image_url":"/img/brown-coffee-image.png","name":"Brown Coffee","quantity":1,"size":"Medium","total_price":"2.00"},{"customizations":[{"name":"Medium","price":0}],"default_price":2,"id":"5","image_url":"/img/vanila-coffee-image.png","name":"Vanilla Coffee","quantity":1,"size":"Medium","total_price":"2.00"},{"customizations":[{"name":"Medium","price":0}],"default_price":3,"id":"6","image_url":"/img/ice-coffee-image.png","name":"Ice Coffee","quantity":1,"size":"Medium","total_price":"3.00"},{"customizations":[{"name":"Medium","price":0}],"default_price":2,"id":"7","image_url":"/img/Cinamon-roll-image.png","name":"Cinamon Roll","quantity":1,"size":"Medium","total_price":"2.00"},{"customizations":[{"name":"Medium","price":0}],"default_price":2,"id":"8","image_url":"/img/Cookie-image.png","name":"Cookie","quantity":1,"size":"Medium","total_price":"2.00"},{"customizations":[{"name":"Medium","price":0}],"default_price":3,"id":"9","image_url":"/img/Cheesecake-image.png","name":"Cheesecake","quantity":1,"size":"Medium","total_price":"3.00"},{"customizations":[{"name":"Medium","price":0}],"default_price":4,"id":"10","image_url":"/img/pancakes-main-background.png","name":"Pancakes","quantity":1,"size":"Medium","total_price":"4.00"},{"customizations":[{"name":"Medium","price":0}],"default_price":2,"id":"11","image_url":"/img/Muffin-image.png","name":"Muffin","quantity":1,"size":"Medium","total_price":"2.00"}],"level":"info","message":"Checkout data received"}
{"data":[{"customizations":[{"name":"Medium","price":0}],"default_price":2,"id":"1","image_url":"/img/dark-coffee-image.png","name":"Dark Coffee","quantity":1,"size":"Medium","total_price":"2.00"},{"customizations":[{"name":"Medium","price":0}],"default_price":3,"id":"2","image_url":"/img/hazelnut-coffee-image.png","name":"Hazelnut Coffee","quantity":1,"size":"Medium","total_price":"3.00"},{"customizations":[{"name":"Medium","price":0}],"default_price":4,"id":"3","image_url":"/img/toblerone-menu-image.png","name":"Toblerone Coffee","quantity":1,"size":"Medium","total_price":"4.00"},{"customizations":[{"name":"Medium","price":0}],"default_price":2,"id":"4","image_url":"/img/brown-coffee-image.png","name":"Brown Coffee","quantity":1,"size":"Medium","total_price":"2.00"},{"customizations":[{"name":"Medium","price":0}],"default_price":2,"id":"5","image_url":"/img/vanila-coffee-image.png","name":"Vanilla Coffee","quantity":1,"size":"Medium","total_price":"2.00"},{"customizations":[{"name":"Medium","price":0}],"default_price":3,"id":"6","image_url":"/img/ice-coffee-image.png","name":"Ice Coffee","quantity":1,"size":"Medium","total_price":"3.00"},{"customizations":[{"name":"Medium","price":0}],"default_price":2,"id":"7","image_url":"/img/Cinamon-roll-image.png","name":"Cinamon Roll","quantity":1,"size":"Medium","total_price":"2.00"},{"customizations":[{"name":"Medium","price":0}],"default_price":2,"id":"8","image_url":"/img/Cookie-image.png","name":"Cookie","quantity":1,"size":"Medium","total_price":"2.00"},{"customizations":[{"name":"Medium","price":0}],"default_price":3,"id":"9","image_url":"/img/Cheesecake-image.png","name":"Cheesecake","quantity":1,"size":"Medium","total_price":"3.00"},{"customizations":[{"name":"Medium","price":0}],"default_price":4,"id":"10","image_url":"/img/pancakes-main-background.png","name":"Pancakes","quantity":1,"size":"Medium","total_price":"4.00"},{"customizations":[{"name":"Medium","price":0}],"default_price":2,"id":"11","image_url":"/img/Muffin-image.png","name":"Muffin","quantity":1,"size":"Medium","total_price":"2.00"},{"customizations":[{"name":"Medium","price":0}],"default_price":3,"id":"12","image_url":"/img/Chocolate-cake-image.png","name":"Chocolate Cake","quantity":1,"size":"Medium","total_price":"3.00"}],"level":"info","message":"Checkout data received"}
{"data":[{"customizations":[{"name":"Medium","price":0}],"default_price":3,"id":"2","image_url":"/img/hazelnut-coffee-image.png","name":"Hazelnut Coffee","quantity":2,"size":"Medium","total_price":"6.00"},{"customizations":[{"name":"Large","price":1},{"name":"Large","price":1}],"default_price":3,"id":"2","image_url":"/img/hazelnut-coffee-image.png","name":"Customized Hazelnut Coffee","quantity":1,"size":"Large","total_price":"4.00"}],"level":"info","message":"Checkout data received"}
{"data":[{"customizations":[{"name":"Large","price":1},{"name":"Large","price":1}],"default_price":2,"id":"1","image_url":"/img/dark-coffee-image.png","name":"Customized Dark Coffee","quantity":1,"size":"Large","total_price":"3.00"}],"level":"info","message":"Checkout data received"}
{"data":[{"customizations":[{"name":"Medium","price":0}],"default_price":2,"id":"1","image_url":"/img/dark-coffee-image.png","name":"Dark Coffee","quantity":1,"size":"Medium","total_price":"2.00"},{"customizations":[{"name":"Medium","price":0}],"default_price":3,"id":"12","image_url":"/img/Chocolate-cake-image.png","name":"Chocolate Cake","quantity":1,"size":"Medium","total_price":"3.00"}],"level":"info","message":"Checkout data received"}
{"data":[{"customizations":[{"name":"Medium","price":0}],"default_price":2,"id":"1","image_url":"/img/dark-coffee-image.png","name":"Dark Coffee","quantity":1,"size":"Medium","total_price":"2.00"}],"level":"info","message":"Checkout data received"}
{"data":[{"customizations":[{"name":"Medium","price":0}],"default_price":2,"id":"1","image_url":"/img/dark-coffee-image.png","name":"Dark Coffee","quantity":1,"size":"Medium","total_price":"2.00"},{"customizations":[{"name":"Large","price":1},{"name":"Large","price":1}],"default_price":2,"id":"1","image_url":"/img/dark-coffee-image.png","name":"Customized Dark Coffee","quantity":1,"size":"Large","total_price":"3.00"}],"level":"info","message":"Checkout data received"}
{"data":[{"customizations":[{"name":"Medium","price":0}],"default_price":2,"id":"1","image_url":"/img/dark-coffee-image.png","name":"Dark Coffee","quantity":1,"size":"Medium","total_price":"2.00"},{"customizations":[{"name":"Large","price":1},{"name":"Large","price":1}],"default_price":3,"id":"2","image_url":"/img/hazelnut-coffee-image.png","name":"Customized Hazelnut Coffee","quantity":1,"size":"Large","total_price":"4.00"}],"level":"info","message":"Checkout data received"}
{"data":[],"level":"info","message":"Checkout data received"}
{"data":[],"level":"info","message":"Checkout data received"}
{"data":[{"customizations":[{"name":"Medium","price":0}],"default_price":2,"id":"1","image_url":"/img/dark-coffee-image.png","name":"Dark Coffee","quantity":1,"size":"Medium","total_price":"2.00"}],"level":"info","message":"Checkout data received"}
{"data":[{"customizations":[{"name":"Medium","price":0}],"default_price":2,"id":"1","image_url":"/img/dark-coffee-image.png","name":"Dark Coffee","quantity":2,"size":"Medium","total_price":"4.00"}],"level":"info","message":"Checkout data received"}
{"data":[{"customizations":[{"name":"Medium","price":0}],"default_price":2,"id":"1","image_url":"/img/dark-coffee-image.png","name":"Dark Coffee","quantity":3,"size":"Medium","total_price":"6.00"}],"level":"info","message":"Checkout data received"}
{"data":[{"customizations":[{"name":"Medium","price":0}],"default_price":2,"id":"1","image_url":"/img/dark-coffee-image.png","name":"Dark Coffee","quantity":3,"size":"Medium","total_price":"6.00"}],"level":"info","message":"Checkout data received"}
{"data":[],"level":"info","message":"Checkout data received"}
{"data":[],"level":"info","message":"Checkout data received"}
{"data":[{"customizations":[{"name":"Medium","price":0}],"default_price":3,"id":"2","image_url":"/img/hazelnut-coffee-image.png","name":"Hazelnut Coffee","quantity":1,"size":"Medium","total_price":"3.00"}],"level":"info","message":"Checkout data received"}
{"data":[],"level":"info","message":"Checkout data received"}
{"data":[{"customizations":[{"name":"Medium","price":0}],"default_price":3,"id":"2","image_url":"/img/hazelnut-coffee-image.png","name":"Hazelnut Coffee","quantity":1,"size":"Medium","total_price":"3.00"}],"level":"info","message":"Checkout data received"}
{"data":[{"customizations":[{"name":"Medium","price":0}],"default_price":3,"id":"2","image_url":"/img/hazelnut-coffee-image.png","name":"Hazelnut Coffee","quantity":1,"size":"Medium","total_price":"3.00"}],"level":"info","message":"Checkout data received"}
{"data":[{"customizations":[{"name":"Medium","price":0}],"default_price":3,"id":"2","image_url":"/img/hazelnut-coffee-image.png","name":"Hazelnut Coffee","quantity":1,"size":"Medium","total_price":"3.00"}],"level":"info","message":"Checkout data received"}
{"data":[{"customizations":[{"name":"Medium","price":0}],"default_price":3,"id":"2","image_url":"/img/hazelnut-coffee-image.png","name":"Hazelnut Coffee","quantity":1,"size":"Medium","total_price":"3.00"}],"level":"info","message":"Checkout data received"}
{"data":[{"customizations":[{"name":"Medium","price":0}],"default_price":3,"id":"2","image_url":"/img/hazelnut-coffee-image.png","name":"Hazelnut Coffee","quantity":1,"size":"Medium","total_price":"3.00"}],"level":"info","message":"Checkout data received"}
{"data":[{"customizations":[{"name":"Medium","price":0}],"default_price":3,"id":"2","image_url":"/img/hazelnut-coffee-image.png","name":"Hazelnut Coffee","quantity":1,"size":"Medium","total_price":"3.00"}],"level":"info","message":"Checkout data received"}
{"data":[{"customizations":[{"name":"Medium","price":0}],"default_price":3,"id":"2","image_url":"/img/hazelnut-coffee-image.png","name":"Hazelnut Coffee","quantity":1,"size":"Medium","total_price":"3.00"}],"level":"info","message":"Checkout data received"}
{"data":[{"customizations":[{"name":"Medium","price":0}],"default_price":3,"id":"2","image_url":"/img/hazelnut-coffee-image.png","name":"Hazelnut Coffee","quantity":1,"size":"Medium","total_price":"3.00"}],"level":"info","message":"Checkout data received"}
{"data":[{"customizations":[{"name":"Medium","price":0}],"default_price":3,"id":"2","image_url":"/img/hazelnut-coffee-image.png","name":"Hazelnut Coffee","quantity":1,"size":"Medium","total_price":"3.00"}],"level":"info","message":"Checkout data received"}
{"data":[],"level":"info","message":"Checkout data received"}
{"data":[{"customizations":[{"name":"Medium","price":0}],"default_price":3,"id":"2","image_url":"/img/hazelnut-coffee-image.png","name":"Hazelnut Coffee","quantity":1,"size":"Medium","total_price":"3.00"}],"level":"info","message":"Checkout data received"}
{"data":[{"customizations":[{"name":"Medium","price":0}],"default_price":3,"id":"2","image_url":"/img/hazelnut-coffee-image.png","name":"Hazelnut Coffee","quantity":1,"size":"Medium","total_price":"3.00"}],"level":"info","message":"Checkout data received"}
{"data":[],"level":"info","message":"Checkout data received"}
{"data":[{"customizations":[{"name":"Medium","price":0}],"default_price":3,"id":"2","image_url":"/img/hazelnut-coffee-image.png","name":"Hazelnut Coffee","quantity":1,"size":"Medium","total_price":"3.00"}],"level":"info","message":"Checkout data received"}
{"data":[],"level":"info","message":"Checkout data received"}
{"data":[],"level":"info","message":"Checkout data received"}
{"data":[{"customizations":[{"name":"Medium","price":0}],"default_price":3,"id":"2","image_url":"/img/hazelnut-coffee-image.png","name":"Hazelnut Coffee","quantity":1,"size":"Medium","total_price":"3.00"}],"level":"info","message":"Checkout data received"}
{"data":[{"customizations":[{"name":"Medium","price":0}],"default_price":4,"id":"3","image_url":"/img/toblerone-menu-image.png","name":"Toblerone Coffee","quantity":1,"size":"Medium","total_price":"4.00"}],"level":"info","message":"Checkout data received"}
{"data":[{"customizations":[{"name":"Medium","price":0}],"default_price":4,"id":"3","image_url":"/img/toblerone-menu-image.png","name":"Toblerone Coffee","quantity":1,"size":"Medium","total_price":"4.00"}],"level":"info","message":"Checkout data received"}
{"data":[{"customizations":[{"name":"Medium","price":0}],"default_price":4,"id":"3","image_url":"/img/toblerone-menu-image.png","name":"Toblerone Coffee","quantity":1,"size":"Medium","total_price":"4.00"}],"level":"info","message":"Checkout data received"}
{"data":[],"level":"info","message":"Checkout data received"}
{"data":[{"customizations":[{"name":"Medium","price":0}],"default_price":3,"id":"2","image_url":"/img/hazelnut-coffee-image.png","name":"Hazelnut Coffee","quantity":1,"size":"Medium","total_price":"3.00"}],"level":"info","message":"Checkout data received"}
{"data":[{"customizations":[{"name":"Medium","price":0}],"default_price":3,"id":"2","image_url":"/img/hazelnut-coffee-image.png","name":"Hazelnut Coffee","quantity":1,"size":"Medium","total_price":"3.00"}],"level":"info","message":"Checkout data received"}
{"data":[],"level":"info","message":"Checkout data received"}
{"data":[{"customizations":[{"name":"Medium","price":0}],"default_price":3,"id":"2","image_url":"/img/hazelnut-coffee-image.png","name":"Hazelnut Coffee","quantity":1,"size":"Medium","total_price":"3.00"}],"level":"info","message":"Checkout data received"}
{"data":[{"customizations":[{"name":"Medium","price":0}],"default_price":3,"id":"2","image_url":"/img/hazelnut-coffee-image.png","name":"Hazelnut Coffee","quantity":1,"size":"Medium","total_price":"3.00"}],"level":"info","message":"Checkout data received"}
{"data":[{"customizations":[{"name":"Medium","price":0}],"default_price":3,"id":"2","image_url":"/img/hazelnut-coffee-image.png","name":"Hazelnut Coffee","quantity":1,"size":"Medium","total_price":"3.00"},{"customizations":[{"name":"Medium","price":0}],"default_price":2,"id":"1","image_url":"/img/dark-coffee-image.png","name":"Dark Coffee","quantity":1,"size":"Medium","total_price":"2.00"},{"customizations":[{"name":"Medium","price":0}],"default_price":4,"id":"3","image_url":"/img/toblerone-menu-image.png","name":"Toblerone Coffee","quantity":1,"size":"Medium","total_price":"4.00"},{"customizations":[{"name":"Medium","price":0}],"default_price":2,"id":"4","image_url":"/img/brown-coffee-image.png","name":"Brown Coffee","quantity":1,"size":"Medium","total_price":"2.00"},{"customizations":[{"name":"Medium","price":0}],"default_price":2,"id":"5","image_url":"/img/vanila-coffee-image.png","name":"Vanilla Coffee","quantity":1,"size":"Medium","total_price":"2.00"},{"customizations":[{"name":"Medium","price":0}],"default_price":3,"id":"6","image_url":"/img/ice-coffee-image.png","name":"Ice Coffee","quantity":1,"size":"Medium","total_price":"3.00"},{"customizations":[{"name":"Medium","price":0}],"default_price":2,"id":"7","image_url":"/img/Cinamon-roll-image.png","name":"Cinamon Roll","quantity":1,"size":"Medium","total_price":"2.00"},{"customizations":[{"name":"Medium","price":0}],"default_price":2,"id":"8","image_url":"/img/Cookie-image.png","name":"Cookie","quantity":1,"size":"Medium","total_price":"2.00"},{"customizations":[{"name":"Medium","price":0}],"default_price":3,"id":"9","image_url":"/img/Cheesecake-image.png","name":"Cheesecake","quantity":1,"size":"Medium","total_price":"3.00"},{"customizations":[{"name":"Medium","price":0}],"default_price":4,"id":"10","image_url":"/img/pancakes-main-background.png","name":"Pancakes","quantity":1,"size":"Medium","total_price":"4.00"}],"level":"info","message":"Checkout data received"}
{"data":[{"customizations":[{"name":"Medium","price":0}],"default_price":3,"id":"2","image_url":"/img/hazelnut-coffee-image.png","name":"Hazelnut Coffee","quantity":1,"size":"Medium","total_price":"3.00"},{"customizations":[{"name":"Medium","price":0}],"default_price":2,"id":"1","image_url":"/img/dark-coffee-image.png","name":"Dark Coffee","quantity":1,"size":"Medium","total_price":"2.00"},{"customizations":[{"name":"Medium","price":0}],"default_price":4,"id":"3","image_url":"/img/toblerone-menu-image.png","name":"Toblerone Coffee","quantity":1,"size":"Medium","total_price":"4.00"},{"customizations":[{"name":"Medium","price":0}],"default_price":2,"id":"4","image_url":"/img/brown-coffee-image.png","name":"Brown Coffee","quantity":1,"size":"Medium","total_price":"2.00"},{"customizations":[{"name":"Medium","price":0}],"default_price":2,"id":"5","image_url":"/img/vanila-coffee-image.png","name":"Vanilla Coffee","quantity":1,"size":"Medium","total_price":"2.00"},{"customizations":[{"name":"Medium","price":0}],"default_price":3,"id":"6","image_url":"/img/ice-coffee-image.png","name":"Ice Coffee","quantity":1,"size":"Medium","total_price":"3.00"},{"customizations":[{"name":"Medium","price":0}],"default_price":2,"id":"7","image_url":"/img/Cinamon-roll-image.png","name":"Cinamon Roll","quantity":1,"size":"Medium","total_price":"2.00"},{"customizations":[{"name":"Medium","price":0}],"default_price":2,"id":"8","image_url":"/img/Cookie-image.png","name":"Cookie","quantity":1,"size":"Medium","total_price":"2.00"},{"customizations":[{"name":"Medium","price":0}],"default_price":3,"id":"9","image_url":"/img/Cheesecake-image.png","name":"Cheesecake","quantity":1,"size":"Medium","total_price":"3.00"},{"customizations":[{"name":"Medium","price":0}],"default_price":4,"id":"10","image_url":"/img/pancakes-main-background.png","name":"Pancakes","quantity":1,"size":"Medium","total_price":"4.00"},{"customizations":[{"name":"Medium","price":0}],"default_price":2,"id":"11","image_url":"/img/Muffin-image.png","name":"Muffin","quantity":1,"size":"Medium","total_price":"2.00"}],"level":"info","message":"Checkout data received"}
{"data":[{"customizations":[{"name":"Medium","price":0}],"default_price":3,"id":"2","image_url":"/img/hazelnut-coffee-image.png","name":"Hazelnut Coffee","quantity":1,"size":"Medium","total_price":"3.00"},{"customizations":[{"name":"Medium","price":0}],"default_price":2,"id":"1","image_url":"/img/dark-coffee-image.png","name":"Dark Coffee","quantity":1,"size":"Medium","total_price":"2.00"},{"customizations":[{"name":"Medium","price":0}],"default_price":4,"id":"3","image_url":"/img/toblerone-menu-image.png","name":"Toblerone Coffee","quantity":1,"size":"Medium","total_price":"4.00"},{"customizations":[{"name":"Medium","price":0}],"default_price":2,"id":"4","image_url":"/img/brown-coffee-image.png","name":"Brown Coffee","quantity":1,"size":"Medium","total_price":"2.00"},{"customizations":[{"name":"Medium","price":0}],"default_price":2,"id":"5","image_url":"/img/vanila-coffee-image.png","name":"Vanilla Coffee","quantity":1,"size":"Medium","total_price":"2.00"},{"customizations":[{"name":"Medium","price":0}],"default_price":3,"id":"6","image_url":"/img/ice-coffee-image.png","name":"Ice Coffee","quantity":1,"size":"Medium","total_price":"3.00"},{"customizations":[{"name":"Medium","price":0}],"default_price":2,"id":"7","image_url":"/img/Cinamon-roll-image.png","name":"Cinamon Roll","quantity":1,"size":"Medium","total_price":"2.00"},{"customizations":[{"name":"Medium","price":0}],"default_price":2,"id":"8","image_url":"/img/Cookie-image.png","name":"Cookie","quantity":1,"size":"Medium","total_price":"2.00"},{"customizations":[{"name":"Medium","price":0}],"default_price":3,"id":"9","image_url":"/img/Cheesecake-image.png","name":"Cheesecake","quantity":1,"size":"Medium","total_price":"3.00"}],"level":"info","message":"Checkout data received"}
{"data":[{"customizations":[{"name":"Medium","price":0}],"default_price":3,"id":"2","image_url":"/img/hazelnut-coffee-image.png","name":"Hazelnut Coffee","quantity":1,"size":"Medium","total_price":"3.00"},{"customizations":[{"name":"Medium","price":0}],"default_price":2,"id":"1","image_url":"/img/dark-coffee-image.png","name":"Dark Coffee","quantity":1,"size":"Medium","total_price":"2.00"},{"customizations":[{"name":"Medium","price":0}],"default_price":4,"id":"3","image_url":"/img/toblerone-menu-image.png","name":"Toblerone Coffee","quantity":1,"size":"Medium","total_price":"4.00"},{"customizations":[{"name":"Medium","price":0}],"default_price":2,"id":"4","image_url":"/img/brown-coffee-image.png","name":"Brown Coffee","quantity":1,"size":"Medium","total_price":"2.00"},{"customizations":[{"name":"Medium","price":0}],"default_price":2,"id":"5","image_url":"/img/vanila-coffee-image.png","name":"Vanilla Coffee","quantity":1,"size":"Medium","total_price":"2.00"},{"customizations":[{"name":"Medium","price":0}],"default_price":3,"id":"6","image_url":"/img/ice-coffee-image.png","name":"Ice Coffee","quantity":1,"size":"Medium","total_price":"3.00"},{"customizations":[{"name":"Medium","price":0}],"default_price":2,"id":"7","image_url":"/img/Cinamon-roll-image.png","name":"Cinamon Roll","quantity":1,"size":"Medium","total_price":"2.00"},{"customizations":[{"name":"Medium","price":0}],"default_price":2,"id":"8","image_url":"/img/Cookie-image.png","name":"Cookie","quantity":1,"size":"Medium","total_price":"2.00"}],"level":"info","message":"Checkout data received"}
{"data":[{"customizations":[{"name":"Medium","price":0}],"default_price":3,"id":"2","image_url":"/img/hazelnut-coffee-image.png","name":"Hazelnut Coffee","quantity":1,"size":"Medium","total_price":"3.00"},{"customizations":[{"name":"Medium","price":0}],"default_price":2,"id":"1","image_url":"/img/dark-coffee-image.png","name":"Dark Coffee","quantity":1,"size":"Medium","total_price":"2.00"},{"customizations":[{"name":"Medium","price":0}],"default_price":4,"id":"3","image_url":"/img/toblerone-menu-image.png","name":"Toblerone Coffee","quantity":1,"size":"Medium","total_price":"4.00"},{"customizations":[{"name":"Medium","price":0}],"default_price":2,"id":"4","image_url":"/img/brown-coffee-image.png","name":"Brown Coffee","quantity":1,"size":"Medium","total_price":"2.00"},{"customizations":[{"name":"Medium","price":0}],"default_price":2,"id":"5","image_url":"/img/vanila-coffee-image.png","name":"Vanilla Coffee","quantity":1,"size":"Medium","total_price":"2.00"},{"customizations":[{"name":"Medium","price":0}],"default_price":3,"id":"6","image_url":"/img/ice-coffee-image.png","name":"Ice Coffee","quantity":1,"size":"Medium","total_price":"3.00"},{"customizations":[{"name":"Medium","price":0}],"default_price":2,"id":"7","image_url":"/img/Cinamon-roll-image.png","name":"Cinamon Roll","quantity":1,"size":"Medium","total_price":"2.00"},{"customizations":[{"name":"Medium","price":0}],"default_price":2,"id":"8","image_url":"/img/Cookie-image.png","name":"Cookie","quantity":1,"size":"Medium","total_price":"2.00"},{"customizations":[{"name":"Medium","price":0}],"default_price":3,"id":"9","image_url":"/img/Cheesecake-image.png","name":"Cheesecake","quantity":1,"size":"Medium","total_price":"3.00"},{"customizations":[{"name":"Medium","price":0}],"default_price":4,"id":"10","image_url":"/img/pancakes-main-background.png","name":"Pancakes","quantity":1,"size":"Medium","total_price":"4.00"},{"customizations":[{"name":"Medium","price":0}],"default_price":2,"id":"11","image_url":"/img/Muffin-image.png","name":"Muffin","quantity":1,"size":"Medium","total_price":"2.00"}],"level":"info","message":"Checkout data received"}
{"data":[{"customizations":[{"name":"Medium","price":0}],"default_price":3,"id":"2","image_url":"/img/hazelnut-coffee-image.png","name":"Hazelnut Coffee","quantity":1,"size":"Medium","total_price":"3.00"},{"customizations":[{"name":"Medium","price":0}],"default_price":2,"id":"1","image_url":"/img/dark-coffee-image.png","name":"Dark Coffee","quantity":1,"size":"Medium","total_price":"2.00"},{"customizations":[{"name":"Medium","price":0}],"default_price":4,"id":"3","image_url":"/img/toblerone-menu-image.png","name":"Toblerone Coffee","quantity":1,"size":"Medium","total_price":"4.00"},{"customizations":[{"name":"Medium","price":0}],"default_price":2,"id":"4","image_url":"/img/brown-coffee-image.png","name":"Brown Coffee","quantity":1,"size":"Medium","total_price":"2.00"},{"customizations":[{"name":"Medium","price":0}],"default_price":2,"id":"5","image_url":"/img/vanila-coffee-image.png","name":"Vanilla Coffee","quantity":1,"size":"Medium","total_price":"2.00"},{"customizations":[{"name":"Medium","price":0}],"default_price":3,"id":"6","image_url":"/img/ice-coffee-image.png","name":"Ice Coffee","quantity":1,"size":"Medium","total_price":"3.00"},{"customizations":[{"name":"Medium","price":0}],"default_price":2,"id":"7","image_url":"/img/Cinamon-roll-image.png","name":"Cinamon Roll","quantity":1,"size":"Medium","total_price":"2.00"},{"customizations":[{"name":"Medium","price":0}],"default_price":2,"id":"8","image_url":"/img/Cookie-image.png","name":"Cookie","quantity":1,"size":"Medium","total_price":"2.00"},{"customizations":[{"name":"Medium","price":0}],"default_price":3,"id":"9","image_url":"/img/Cheesecake-image.png","name":"Cheesecake","quantity":1,"size":"Medium","total_price":"3.00"},{"customizations":[{"name":"Medium","price":0}],"default_price":4,"id":"10","image_url":"/img/pancakes-main-background.png","name":"Pancakes","quantity":1,"size":"Medium","total_price":"4.00"},{"customizations":[{"name":"Medium","price":0}],"default_price":2,"id":"11","image_url":"/img/Muffin-image.png","name":"Muffin","quantity":1,"size":"Medium","total_price":"2.00"},{"customizations":[{"name":"Medium","price":0}],"default_price":3,"id":"12","image_url":"/img/Chocolate-cake-image.png","name":"Chocolate Cake","quantity":1,"size":"Medium","total_price":"3.00"}],"level":"info","message":"Checkout data received"}
{"data":[{"customizations":[{"name":"Medium","price":0}],"default_price":3,"id":"12","image_url":"/img/Chocolate-cake-image.png","name":"Chocolate Cake","quantity":1,"size":"Medium","total_price":"3.00"}],"level":"info","message":"Checkout data received"}
{"data":[{"customizations":[{"name":"Medium","price":0}],"default_price":3,"id":"12","image_url":"/img/Chocolate-cake-image.png","name":"Chocolate Cake","quantity":1,"size":"Medium","total_price":"3.00"}],"level":"info","message":"Checkout data received"}
{"data":[{"customizations":[{"name":"Medium","price":0}],"default_price":2,"id":"1","image_url":"/img/dark-coffee-image.png","name":"Dark Coffee","quantity":1,"size":"Medium","total_price":"2.00"}],"level":"info","message":"Checkout data received"}
{"data":[{"customizations":[{"name":"Medium","price":0}],"default_price":2,"id":"1","image_url":"/img/dark-coffee-image.png","name":"Dark Coffee","quantity":1,"size":"Medium","total_price":"2.00"},{"customizations":[{"name":"Medium","price":0}],"default_price":3,"id":"2","image_url":"/img/hazelnut-coffee-image.png","name":"Hazelnut Coffee","quantity":1,"size":"Medium","total_price":"3.00"}],"level":"info","message":"Checkout data received"}
{"data":[{"customizations":[{"name":"Medium","price":0}],"default_price":3,"id":"2","image_url":"/img/hazelnut-coffee-image.png","name":"Hazelnut Coffee","quantity":1,"size":"Medium","total_price":"3.00"}],"level":"info","message":"Checkout data received"}
{"data":[{"customizations":[{"name":"Medium","price":0}],"default_price":2,"id":"1","image_url":"/img/dark-coffee-image.png","name":"Dark Coffee","quantity":1,"size":"Medium","total_price":"2.00"}],"level":"info","message":"Checkout data received"}
{"data":[],"level":"info","message":"Checkout data received"}
{"data":[{"customizations":[{"name":"Medium","price":0}],"default_price":3,"id":"2","image_url":"/img/hazelnut-coffee-image.png","name":"Hazelnut Coffee","quantity":1,"size":"Medium","total_price":"3.00"}],"level":"info","message":"Checkout data received"}
{"data":[],"level":"info","message":"Checkout data received"}
{"level":"info","message":"Server running on http://localhost:3000"}
{"level":"info","message":"Connected to MySQL database"}
{"level":"info","message":"Server running on http://localhost:3000"}
{"level":"info","message":"Connected to MySQL database"}
{"level":"info","message":"Server running on http://localhost:3000"}
{"level":"info","message":"Connected to MySQL database"}
{"data":[{"customizations":[{"name":"Medium","price":0}],"default_price":4,"id":"3","image_url":"/img/toblerone-menu-image.png","name":null,"quantity":2,"size":"Medium","total_price":"8.00"},{"customizations":[{"name":"Medium","price":0}],"default_price":3,"id":"2","image_url":"/img/hazelnut-coffee-image.png","name":null,"quantity":2,"size":"Medium","total_price":"6.00"},{"customizations":[{"name":"Medium","price":0}],"default_price":2,"id":"4","image_url":"/img/brown-coffee-image.png","name":null,"quantity":2,"size":"Medium","total_price":"4.00"},{"customizations":[{"name":"Medium","price":0}],"default_price":2,"id":"5","image_url":"/img/vanila-coffee-image.png","name":null,"quantity":1,"size":"Medium","total_price":"2.00"},{"customizations":[{"name":"Medium","price":0}],"default_price":2,"id":"8","image_url":"/img/Cookie-image.png","name":null,"quantity":1,"size":"Medium","total_price":"2.00"},{"customizations":[{"name":"Medium","price":0}],"default_price":4,"id":"10","image_url":"/img/pancakes-main-background.png","name":null,"quantity":1,"size":"Medium","total_price":"4.00"},{"customizations":[{"name":"Medium","price":0}],"default_price":2,"id":"11","image_url":"/img/Muffin-image.png","name":null,"quantity":1,"size":"Medium","total_price":"2.00"},{"customizations":[{"name":"Medium","price":0}],"default_price":2,"id":"7","image_url":"/img/Cinamon-roll-image.png","name":null,"quantity":1,"size":"Medium","total_price":"2.00"},{"customizations":[{"name":"Medium","price":0}],"default_price":3,"id":"9","image_url":"/img/Cheesecake-image.png","name":null,"quantity":1,"size":"Medium","total_price":"3.00"}],"level":"info","message":"Checkout data received"}
{"level":"info","message":"Server running on http://localhost:3000"}
{"level":"info","message":"Connected to MySQL database"}
{"data":[{"customizations":[{"name":"Medium","price":0}],"default_price":4,"id":"3","image_url":"/img/toblerone-menu-image.png","name":null,"quantity":2,"size":"Medium","total_price":"8.00"},{"customizations":[{"name":"Medium","price":0}],"default_price":3,"id":"2","image_url":"/img/hazelnut-coffee-image.png","name":null,"quantity":2,"size":"Medium","total_price":"6.00"},{"customizations":[{"name":"Medium","price":0}],"default_price":2,"id":"4","image_url":"/img/brown-coffee-image.png","name":null,"quantity":2,"size":"Medium","total_price":"4.00"},{"customizations":[{"name":"Medium","price":0}],"default_price":2,"id":"5","image_url":"/img/vanila-coffee-image.png","name":null,"quantity":1,"size":"Medium","total_price":"2.00"},{"customizations":[{"name":"Medium","price":0}],"default_price":2,"id":"8","image_url":"/img/Cookie-image.png","name":null,"quantity":1,"size":"Medium","total_price":"2.00"},{"customizations":[{"name":"Medium","price":0}],"default_price":4,"id":"10","image_url":"/img/pancakes-main-background.png","name":null,"quantity":1,"size":"Medium","total_price":"4.00"},{"customizations":[{"name":"Medium","price":0}],"default_price":2,"id":"11","image_url":"/img/Muffin-image.png","name":null,"quantity":1,"size":"Medium","total_price":"2.00"},{"customizations":[{"name":"Medium","price":0}],"default_price":2,"id":"7","image_url":"/img/Cinamon-roll-image.png","name":null,"quantity":1,"size":"Medium","total_price":"2.00"},{"customizations":[{"name":"Medium","price":0}],"default_price":3,"id":"9","image_url":"/img/Cheesecake-image.png","name":null,"quantity":1,"size":"Medium","total_price":"3.00"}],"level":"info","message":"Checkout data received"}
{"level":"info","message":"Server running on http://localhost:3000"}
{"level":"info","message":"Connected to MySQL database"}
{"data":[{"customizations":[{"name":"Medium","price":0}],"default_price":4,"id":"3","image_url":"/img/toblerone-menu-image.png","name":null,"quantity":1,"size":"Medium","total_price":"4.00"}],"level":"info","message":"Checkout data received"}
{"data":[{"customizations":[{"name":"Medium","price":0}],"default_price":4,"id":"3","image_url":"/img/toblerone-menu-image.png","name":null,"quantity":1,"size":"Medium","total_price":"4.00"}],"level":"info","message":"Checkout data received"}
{"data":[],"level":"info","message":"Checkout data received"}
{"data":[{"customizations":[{"name":"Medium","price":0}],"default_price":4,"id":"10","image_url":"/img/pancakes-main-background.png","name":"Pancakes","quantity":1,"size":"Medium","total_price":"4.00"}],"level":"info","message":"Checkout data received"}
{"level":"info","message":"Server running on http://localhost:3000"}
{"level":"info","message":"Connected to MySQL database"}
{"data":[{"customizations":[{"name":"Medium","price":0}],"default_price":2,"id":"4","image_url":"/img/brown-coffee-image.png","name":"Brown Coffee","quantity":1,"size":"Medium","total_price":"2.00"}],"level":"info","message":"Checkout data received"}
{"data":[{"customizations":[{"name":"Medium","price":0}],"default_price":2,"id":"4","image_url":"/img/brown-coffee-image.png","name":"Brown Coffee","quantity":2,"size":"Medium","total_price":"4.00"},{"customizations":[{"name":"Medium","price":0}],"default_price":3,"id":"2","image_url":"/img/hazelnut-coffee-image.png","name":null,"quantity":1,"size":"Medium","total_price":"3.00"},{"customizations":[{"name":"Medium","price":0}],"default_price":4,"id":"3","image_url":"/img/toblerone-menu-image.png","name":null,"quantity":1,"size":"Medium","total_price":"4.00"},{"customizations":[{"name":"Medium","price":0}],"default_price":2,"id":"5","image_url":"/img/vanila-coffee-image.png","name":null,"quantity":1,"size":"Medium","total_price":"2.00"},{"customizations":[{"name":"Medium","price":0}],"default_price":3,"id":"6","image_url":"/img/ice-coffee-image.png","name":null,"quantity":1,"size":"Medium","total_price":"3.00"},{"customizations":[{"name":"Medium","price":0}],"default_price":2,"id":"7","image_url":"/img/Cinamon-roll-image.png","name":null,"quantity":1,"size":"Medium","total_price":"2.00"},{"customizations":[{"name":"Medium","price":0}],"default_price":2,"id":"8","image_url":"/img/Cookie-image.png","name":null,"quantity":1,"size":"Medium","total_price":"2.00"},{"customizations":[{"name":"Medium","price":0}],"default_price":3,"id":"9","image_url":"/img/Cheesecake-image.png","name":null,"quantity":1,"size":"Medium","total_price":"3.00"},{"customizations":[{"name":"Medium","price":0}],"default_price":4,"id":"10","image_url":"/img/pancakes-main-background.png","name":null,"quantity":1,"size":"Medium","total_price":"4.00"}],"level":"info","message":"Checkout data received"}
{"data":[{"customizations":[{"name":"Medium","price":0}],"default_price":2,"id":"4","image_url":"/img/brown-coffee-image.png","name":"Brown Coffee","quantity":2,"size":"Medium","total_price":"4.00"},{"customizations":[{"name":"Medium","price":0}],"default_price":3,"id":"2","image_url":"/img/hazelnut-coffee-image.png","name":null,"quantity":1,"size":"Medium","total_price":"3.00"},{"customizations":[{"name":"Medium","price":0}],"default_price":4,"id":"3","image_url":"/img/toblerone-menu-image.png","name":null,"quantity":1,"size":"Medium","total_price":"4.00"},{"customizations":[{"name":"Medium","price":0}],"default_price":2,"id":"5","image_url":"/img/vanila-coffee-image.png","name":null,"quantity":2,"size":"Medium","total_price":"4.00"},{"customizations":[{"name":"Medium","price":0}],"default_price":3,"id":"6","image_url":"/img/ice-coffee-image.png","name":null,"quantity":1,"size":"Medium","total_price":"3.00"},{"customizations":[{"name":"Medium","price":0}],"default_price":2,"id":"7","image_url":"/img/Cinamon-roll-image.png","name":null,"quantity":1,"size":"Medium","total_price":"2.00"},{"customizations":[{"name":"Medium","price":0}],"default_price":2,"id":"8","image_url":"/img/Cookie-image.png","name":null,"quantity":1,"size":"Medium","total_price":"2.00"},{"customizations":[{"name":"Medium","price":0}],"default_price":3,"id":"9","image_url":"/img/Cheesecake-image.png","name":null,"quantity":1,"size":"Medium","total_price":"3.00"},{"customizations":[{"name":"Medium","price":0}],"default_price":4,"id":"10","image_url":"/img/pancakes-main-background.png","name":null,"quantity":1,"size":"Medium","total_price":"4.00"},{"customizations":[{"name":"Medium","price":0}],"default_price":3,"id":"12","image_url":"/img/Chocolate-cake-image.png","name":null,"quantity":1,"size":"Medium","total_price":"3.00"}],"level":"info","message":"Checkout data received"}
{"level":"info","message":"Server running on http://localhost:3000"}
{"level":"info","message":"Connected to MySQL database"}
